  bgfx.cpp
  debug_renderdoc.cpp
  dxgi.cpp
  glcontext_html5.cpp
  glcontext_wgl.cpp
  nvapi.cpp
  renderer_d3d11.cpp
  renderer_d3d12.cpp
  renderer_d3d9.cpp
  renderer_gl.cpp
  renderer_gnm.cpp
  renderer_noop.cpp
  renderer_nvn.cpp
  renderer_vk.cpp
  renderer_webgpu.cpp
  shader.cpp
  shader_dx9bc.cpp
  shader_dxbc.cpp
  shader_spirv.cpp
  topology.cpp
  Génération de code en cours...
  Compilation en cours...
  vertexlayout.cpp
  Génération de code en cours...
  bgfx.vcxproj -> D:\Project Code\ECS_DOOM\Bgfx_ECS_DOOM\build\vs2019\bin\x86\Debug\bgfx.lib
